camerarecorder/build/intermediates/manifest_merge_blame_file/debug/manifest-merger-blame-debug-report.txt
1<?xml version="1.0" encoding="utf-8"?>
2<manifest xmlns:android="http://schemas.android.com/apk/res/android"
3    package="com.daasuu.camerarecorder" >
4
5    <uses-sdk
6        android:minSdkVersion="24"
6-->src\main\AndroidManifest.xml
7        android:targetSdkVersion="29" />
7-->src\main\AndroidManifest.xml
8
9    <uses-permission android:name="android.permission.RECORD_AUDIO" />
9-->src\main\AndroidManifest.xml:4:5-71
9-->src\main\AndroidManifest.xml:4:22-68
10    <uses-permission android:name="android.permission.READ_EXTERNAL_STORAGE" />
10-->src\main\AndroidManifest.xml:5:5-80
10-->src\main\AndroidManifest.xml:5:22-77
11    <uses-permission android:name="android.permission.INTERNET" />
11-->src\main\AndroidManifest.xml:6:5-67
11-->src\main\AndroidManifest.xml:6:22-64
12    <uses-permission android:name="android.permission.ACCESS_NETWORK_STATE" />
12-->src\main\AndroidManifest.xml:7:5-79
12-->src\main\AndroidManifest.xml:7:22-76
13
14    <uses-feature android:name="android.hardware.camera" />
14-->src\main\AndroidManifest.xml:8:5-60
14-->src\main\AndroidManifest.xml:8:19-57
15    <uses-feature android:name="android.hardware.camera.autofocus" />
15-->src\main\AndroidManifest.xml:9:5-70
15-->src\main\AndroidManifest.xml:9:19-67
16
17    <uses-permission android:name="android.permission.CAMERA" />
17-->src\main\AndroidManifest.xml:10:5-65
17-->src\main\AndroidManifest.xml:10:22-62
18    <uses-permission android:name="android.permission.WRITE_EXTERNAL_STORAGE" />
18-->src\main\AndroidManifest.xml:11:5-80
18-->src\main\AndroidManifest.xml:11:22-78
19    <uses-permission android:name="android.permission.RECORD_AUDIO" />
19-->src\main\AndroidManifest.xml:4:5-71
19-->src\main\AndroidManifest.xml:4:22-68
20
21    <application
21-->src\main\AndroidManifest.xml:13:5-88:19
22        android:allowBackup="true"
22-->src\main\AndroidManifest.xml:14:9-35
23        android:label="@string/app_name"
23-->src\main\AndroidManifest.xml:15:9-41
24        android:supportsRtl="true"
24-->src\main\AndroidManifest.xml:16:9-35
25        android:theme="@style/AppTheme" >
25-->src\main\AndroidManifest.xml:17:9-40
26        <activity
26-->src\main\AndroidManifest.xml:18:9-20:51
27            android:name="com.daasuu.camerarecorder.VideoProcessActivity"
27-->src\main\AndroidManifest.xml:19:13-74
28            android:screenOrientation="portrait" />
28-->src\main\AndroidManifest.xml:20:13-49
29        <activity
29-->src\main\AndroidManifest.xml:21:9-23:51
30            android:name="com.daasuu.camerarecorder.BaseCameraActivity"
30-->src\main\AndroidManifest.xml:22:13-72
31            android:screenOrientation="portrait" />
31-->src\main\AndroidManifest.xml:23:13-49
32        <activity
32-->src\main\AndroidManifest.xml:24:9-27:52
33            android:name="com.daasuu.camerarecorder.FastAndSlowVideoMotionActivity"
33-->src\main\AndroidManifest.xml:25:13-84
34            android:screenOrientation="portrait"
34-->src\main\AndroidManifest.xml:27:13-49
35            android:theme="@style/Theme.AppCompat.SelfLucent" />
35-->src\main\AndroidManifest.xml:26:13-62
36        <activity
36-->src\main\AndroidManifest.xml:28:9-30:52
37            android:name="com.daasuu.camerarecorder.CombineImagesActivity"
37-->src\main\AndroidManifest.xml:29:13-75
38            android:screenOrientation="portrait" />
38-->src\main\AndroidManifest.xml:30:13-49
39        <activity
39-->src\main\AndroidManifest.xml:31:9-33:52
40            android:name="com.daasuu.camerarecorder.ExtractAudioActivity"
40-->src\main\AndroidManifest.xml:32:13-74
41            android:screenOrientation="portrait" />
41-->src\main\AndroidManifest.xml:33:13-49
42        <activity
42-->src\main\AndroidManifest.xml:34:9-37:52
43            android:name="com.daasuu.camerarecorder.AddTextOnVideoActivity"
43-->src\main\AndroidManifest.xml:35:13-76
44            android:screenOrientation="portrait"
44-->src\main\AndroidManifest.xml:37:13-49
45            android:theme="@style/Theme.AppCompat.SelfLucent" />
45-->src\main\AndroidManifest.xml:36:13-62
46        <activity
46-->src\main\AndroidManifest.xml:38:9-41:52
47            android:name="com.daasuu.camerarecorder.ReverseVideoActivity"
47-->src\main\AndroidManifest.xml:39:13-74
48            android:screenOrientation="portrait"
48-->src\main\AndroidManifest.xml:41:13-49
49            android:theme="@style/Theme.AppCompat.SelfLucent" />
49-->src\main\AndroidManifest.xml:40:13-62
50        <activity
50-->src\main\AndroidManifest.xml:42:9-44:52
51            android:name="com.daasuu.camerarecorder.MergeImageAndMP3Activity"
51-->src\main\AndroidManifest.xml:43:13-78
52            android:screenOrientation="portrait" />
52-->src\main\AndroidManifest.xml:44:13-49
53        <activity
53-->src\main\AndroidManifest.xml:45:9-48:52
54            android:name="com.daasuu.camerarecorder.AddWaterMarkOnVideoActivity"
54-->src\main\AndroidManifest.xml:46:13-81
55            android:screenOrientation="portrait"
55-->src\main\AndroidManifest.xml:48:13-49
56            android:theme="@style/Theme.AppCompat.SelfLucent" />
56-->src\main\AndroidManifest.xml:47:13-62
57        <activity
57-->src\main\AndroidManifest.xml:49:9-51:52
58            android:name="com.daasuu.camerarecorder.CombineVideosActivity"
58-->src\main\AndroidManifest.xml:50:13-75
59            android:screenOrientation="portrait" />
59-->src\main\AndroidManifest.xml:51:13-49
60        <activity
60-->src\main\AndroidManifest.xml:52:9-54:52
61            android:name="com.daasuu.camerarecorder.CombineImageAndVideoActivity"
61-->src\main\AndroidManifest.xml:53:13-82
62            android:screenOrientation="portrait" />
62-->src\main\AndroidManifest.xml:54:13-49
63        <activity
63-->src\main\AndroidManifest.xml:55:9-57:52
64            android:name="com.daasuu.camerarecorder.MergeAudioVideoActivity"
64-->src\main\AndroidManifest.xml:56:13-77
65            android:screenOrientation="portrait" />
65-->src\main\AndroidManifest.xml:57:13-49
66        <activity
66-->src\main\AndroidManifest.xml:58:9-60:52
67            android:name="com.daasuu.camerarecorder.RemoveAudioFromVideoActivity"
67-->src\main\AndroidManifest.xml:59:13-82
68            android:screenOrientation="portrait" />
68-->src\main\AndroidManifest.xml:60:13-49
69        <activity
69-->src\main\AndroidManifest.xml:61:9-63:52
70            android:name="com.daasuu.camerarecorder.ImageToVideoConvertActivity"
70-->src\main\AndroidManifest.xml:62:13-81
71            android:screenOrientation="portrait" />
71-->src\main\AndroidManifest.xml:63:13-49
72        <activity
72-->src\main\AndroidManifest.xml:64:9-66:52
73            android:name="com.daasuu.camerarecorder.VideoRotateFlipActivity"
73-->src\main\AndroidManifest.xml:65:13-77
74            android:screenOrientation="portrait" />
74-->src\main\AndroidManifest.xml:66:13-49
75        <activity
75-->src\main\AndroidManifest.xml:67:9-69:52
76            android:name="com.daasuu.camerarecorder.CutVideoUsingTimeActivity"
76-->src\main\AndroidManifest.xml:68:13-79
77            android:screenOrientation="portrait" />
77-->src\main\AndroidManifest.xml:69:13-49
78        <activity
78-->src\main\AndroidManifest.xml:70:9-72:52
79            android:name="com.daasuu.camerarecorder.VideoToGifActivity"
79-->src\main\AndroidManifest.xml:71:13-72
80            android:screenOrientation="portrait" />
80-->src\main\AndroidManifest.xml:72:13-49
81        <activity
81-->src\main\AndroidManifest.xml:73:9-75:52
82            android:name="com.daasuu.camerarecorder.OptionsList"
82-->src\main\AndroidManifest.xml:74:13-65
83            android:screenOrientation="portrait" />
83-->src\main\AndroidManifest.xml:75:13-49
84        <activity
84-->src\main\AndroidManifest.xml:76:9-78:52
85            android:name="com.daasuu.camerarecorder.TrimMainActivity"
85-->src\main\AndroidManifest.xml:77:13-70
86            android:screenOrientation="portrait" />
86-->src\main\AndroidManifest.xml:78:13-49
87        <activity
87-->src\main\AndroidManifest.xml:79:9-81:52
88            android:name="com.daasuu.camerarecorder.TrimmerActivity"
88-->src\main\AndroidManifest.xml:80:13-69
89            android:screenOrientation="portrait" />
89-->src\main\AndroidManifest.xml:81:13-49
90        <activity
90-->src\main\AndroidManifest.xml:82:9-84:52
91            android:name="com.daasuu.camerarecorder.VoiceRecorderActivity"
91-->src\main\AndroidManifest.xml:83:13-75
92            android:screenOrientation="portrait" />
92-->src\main\AndroidManifest.xml:84:13-49
93
94        <meta-data
94-->src\main\AndroidManifest.xml:85:9-87:57
95            android:name="preloaded_fonts"
95-->src\main\AndroidManifest.xml:86:13-43
96            android:resource="@array/preloaded_fonts" />
96-->src\main\AndroidManifest.xml:87:13-54
97    </application>
98
99</manifest>